c:\users\administrator\desktop\proj\20241031\dma_pubg\dma_pubg\x64\release\vc143.pdb
c:\users\administrator\desktop\proj\20241031\dma_pubg\dma_pubg\x64\release\kmbox.obj
c:\users\administrator\desktop\proj\20241031\dma_pubg\dma_pubg\x64\release\texture.obj
c:\users\administrator\desktop\proj\20241031\dma_pubg\dma_pubg\x64\release\overlay.obj
c:\users\administrator\desktop\proj\20241031\dma_pubg\dma_pubg\x64\release\dmarender.obj
c:\users\administrator\desktop\proj\20241031\dma_pubg\dma_pubg\x64\release\process.obj
c:\users\administrator\desktop\proj\20241031\dma_pubg\dma_pubg\x64\release\decrypt.obj
c:\users\administrator\desktop\proj\20241031\dma_pubg\dma_pubg\x64\release\vectorhelper.obj
c:\users\administrator\desktop\proj\20241031\dma_pubg\dma_pubg\x64\release\entitys.obj
c:\users\administrator\desktop\proj\20241031\dma_pubg\dma_pubg\x64\release\main.obj
c:\users\administrator\desktop\proj\20241031\dma_pubg\dma_pubg\x64\release\imgui_widgets.obj
c:\users\administrator\desktop\proj\20241031\dma_pubg\dma_pubg\x64\release\imgui_tables.obj
c:\users\administrator\desktop\proj\20241031\dma_pubg\dma_pubg\x64\release\imgui_impl_win32.obj
c:\users\administrator\desktop\proj\20241031\dma_pubg\dma_pubg\x64\release\imgui_impl_dx11.obj
c:\users\administrator\desktop\proj\20241031\dma_pubg\dma_pubg\x64\release\imgui_draw.obj
c:\users\administrator\desktop\proj\20241031\dma_pubg\dma_pubg\x64\release\imgui.obj
c:\users\administrator\desktop\proj\20241031\dma_pubg\dma_pubg\x64\release\shellcode.obj
c:\users\administrator\desktop\proj\20241031\dma_pubg\dma_pubg\x64\release\registry.obj
c:\users\administrator\desktop\proj\20241031\dma_pubg\dma_pubg\x64\release\memory.obj
c:\users\administrator\desktop\proj\20241031\dma_pubg\dma_pubg\x64\release\inputmanager.obj
c:\users\administrator\desktop\proj\20241031\dma_pubg\dma_pubg\x64\release\dmalibrary.obj
c:\users\administrator\desktop\proj\20241031\dma_pubg\dma_pubg\x64\release\w3c.obj
c:\users\administrator\desktop\proj\20241031\dma_pubg\dma_pubg\x64\release\vector.obj
c:\users\administrator\desktop\proj\20241031\dma_pubg\dma_pubg\x64\release\transform.obj
c:\users\administrator\desktop\proj\20241031\dma_pubg\dma_pubg\x64\release\rotator.obj
c:\users\administrator\desktop\proj\20241031\dma_pubg\dma_pubg\x64\release\quat.obj
c:\users\administrator\desktop\proj\20241031\dma_pubg\dma_pubg\x64\release\matrix.obj
c:\users\administrator\desktop\proj\20241031\dma_pubg\dma_pubg\x64\release\timer.obj
c:\users\administrator\desktop\proj\20241031\dma_pubg\dma_pubg\x64\release\throttler.obj
c:\users\administrator\desktop\proj\20241031\dma_pubg\dma_pubg\x64\release\string.obj
c:\users\administrator\desktop\proj\20241031\dma_pubg\dma_pubg\x64\release\kmboxnet.obj
c:\users\administrator\desktop\proj\20241031\dma_pubg\dma_pubg\x64\release\mobox.obj
c:\users\administrator\desktop\proj\20241031\dma_pubg\dma_pubg\x64\release\lurker.obj
c:\users\administrator\desktop\proj\20241031\dma_pubg\dma_pubg\x64\release\cjson.obj
d:\源码\白色菜单stay\dma_pubg\x64\release\vc143.pdb
d:\源码\白色菜单stay\dma_pubg\x64\release\mobox.obj
d:\源码\白色菜单stay\dma_pubg\x64\release\lurker.obj
d:\源码\白色菜单stay\dma_pubg\x64\release\kmbox.obj
d:\源码\白色菜单stay\dma_pubg\x64\release\texture.obj
d:\源码\白色菜单stay\dma_pubg\x64\release\dmarender.obj
d:\源码\白色菜单stay\dma_pubg\x64\release\process.obj
d:\源码\白色菜单stay\dma_pubg\x64\release\decrypt.obj
d:\源码\白色菜单stay\dma_pubg\x64\release\vectorhelper.obj
d:\源码\白色菜单stay\dma_pubg\x64\release\entitys.obj
d:\源码\白色菜单stay\dma_pubg\x64\release\imgui_widgets.obj
d:\源码\白色菜单stay\dma_pubg\x64\release\imgui_tables.obj
d:\源码\白色菜单stay\dma_pubg\x64\release\imgui_impl_win32.obj
d:\源码\白色菜单stay\dma_pubg\x64\release\imgui_impl_dx11.obj
d:\源码\白色菜单stay\dma_pubg\x64\release\imgui_draw.obj
d:\源码\白色菜单stay\dma_pubg\x64\release\imgui.obj
d:\源码\白色菜单stay\dma_pubg\x64\release\shellcode.obj
d:\源码\白色菜单stay\dma_pubg\x64\release\registry.obj
d:\源码\白色菜单stay\dma_pubg\x64\release\memory.obj
d:\源码\白色菜单stay\dma_pubg\x64\release\inputmanager.obj
d:\源码\白色菜单stay\dma_pubg\x64\release\main.obj
d:\源码\白色菜单stay\dma_pubg\x64\release\w3c.obj
d:\源码\白色菜单stay\dma_pubg\x64\release\vector.obj
d:\源码\白色菜单stay\dma_pubg\x64\release\transform.obj
d:\源码\白色菜单stay\dma_pubg\x64\release\rotator.obj
d:\源码\白色菜单stay\dma_pubg\x64\release\quat.obj
d:\源码\白色菜单stay\dma_pubg\x64\release\matrix.obj
d:\源码\白色菜单stay\dma_pubg\x64\release\string.obj
d:\源码\白色菜单stay\dma_pubg\x64\release\timer.obj
d:\源码\白色菜单stay\dma_pubg\x64\release\throttler.obj
d:\源码\白色菜单stay\dma_pubg\x64\release\kmboxnet.obj
d:\源码\白色菜单stay\dma_pubg\x64\release\overlay.obj
d:\源码\白色菜单stay\dma_pubg\x64\release\cjson.obj
c:\users\administrator\desktop\proj\20241031\dma_pubg\x64\release\dma_pubg.exe
c:\users\administrator\desktop\proj\20241031\dma_pubg\x64\release\dma_pubg.pdb
c:\users\administrator\desktop\proj\20241031\dma_pubg\x64\release\dma_pubg.lib
c:\users\administrator\desktop\proj\20241031\dma_pubg\x64\release\dma_pubg.exp
c:\users\administrator\desktop\proj\20241031\dma_pubg\dma_pubg\x64\release\dma_pubg.ipdb
c:\users\administrator\desktop\proj\20241031\dma_pubg\dma_pubg\x64\release\dma_pubg.iobj
d:\源码\白色菜单stay\dma_pubg\x64\release\dmalibrary.obj
d:\源码\白色菜单stay\dma_pubg\x64\release\dma_pubg.ipdb
d:\源码\白色菜单stay\dma_pubg\x64\release\dma_pubg.iobj
d:\源码\白色菜单stay\dma_pubg\x64\release\dma_pubg.tlog\cl.command.1.tlog
d:\源码\白色菜单stay\dma_pubg\x64\release\dma_pubg.tlog\cl.items.tlog
d:\源码\白色菜单stay\dma_pubg\x64\release\dma_pubg.tlog\cl.read.1.tlog
d:\源码\白色菜单stay\dma_pubg\x64\release\dma_pubg.tlog\cl.write.1.tlog
d:\源码\白色菜单stay\dma_pubg\x64\release\dma_pubg.tlog\link.command.1.tlog
d:\源码\白色菜单stay\dma_pubg\x64\release\dma_pubg.tlog\link.read.1.tlog
d:\源码\白色菜单stay\dma_pubg\x64\release\dma_pubg.tlog\link.secondary.1.tlog
d:\源码\白色菜单stay\dma_pubg\x64\release\dma_pubg.tlog\link.write.1.tlog
